
> web@0.1.0 start /opt/devops/megahack/Web
> react-scripts start

[34mℹ[39m [90m｢wds｣[39m: Project is running at http://172.31.7.79/
[34mℹ[39m [90m｢wds｣[39m: webpack output is served from 
[34mℹ[39m [90m｢wds｣[39m: Content not from webpack is served from /opt/devops/megahack/Web/public
[34mℹ[39m [90m｢wds｣[39m: 404s will fallback to /
Starting the development server...

events.js:292
      throw er; // Unhandled 'error' event
      ^

Error: EBADF: bad file descriptor, read
Emitted 'error' event on ReadStream instance at:
    at internal/fs/streams.js:206:14
    at FSReqCallback.wrapper [as oncomplete] (fs.js:516:5) {
  errno: -9,
  code: 'EBADF',
  syscall: 'read'
}
npm ERR! code ELIFECYCLE
npm ERR! errno 1
npm ERR! web@0.1.0 start: `react-scripts start`
npm ERR! Exit status 1
npm ERR! 
npm ERR! Failed at the web@0.1.0 start script.
npm ERR! This is probably not a problem with npm. There is likely additional logging output above.

npm ERR! A complete log of this run can be found in:
npm ERR!     /home/ec2-user/.npm/_logs/2020-07-05T11_58_01_329Z-debug.log
